<?xml version="1.0" encoding="UTF-8"?>
<testng-results skipped="0" failed="0" total="0" passed="0">
  <reporter-output>
  </reporter-output>
  <suite name="hyh.service.ServiceTest" duration-ms="1" started-at="2018-04-17T13:54:04Z" finished-at="2018-04-17T13:54:04Z">
    <groups>
    </groups>
    <test name="Command line test" duration-ms="1" started-at="2018-04-17T13:54:04Z" finished-at="2018-04-17T13:54:04Z">
    </test> <!-- Command line test -->
  </suite> <!-- hyh.service.ServiceTest -->
</testng-results>
